<?xml version="1.0" encoding="UTF-8"?>
<!-- Generated by org.testng.reporters.JUnitReportReporter -->
<testsuite skipped="0" hostname="01hw465524" name="runner.TestRunner" tests="1" failures="1" timestamp="31 May 2019 12:12:41 GMT" time="7.540" errors="0">
  <testcase name="runScenario" time="7.540" classname="runner.TestRunner">
    <failure type="java.lang.AssertionError" message="expected [true] but found [false]">
      <![CDATA[java.lang.AssertionError: expected [true] but found [false]
at org.testng.Assert.fail(Assert.java:96)
at org.testng.Assert.failNotEquals(Assert.java:776)
at org.testng.Assert.assertTrue(Assert.java:44)
at org.testng.Assert.assertTrue(Assert.java:54)
at stepdefs.BaseStepDefs.iLoggedInToPortalAndGoToTab(BaseStepDefs.java:53)
at ✽.I logged in to Portal and go to "NANO" tab(resources\Feature\NanoPortal.feature:7)
]]>
    </failure>
  </testcase> <!-- runScenario -->
</testsuite> <!-- runner.TestRunner -->
