<?xml version="1.0" encoding="UTF-8"?>
<testsuite xmlns:xsi="http://www.w3.org/2001/XMLSchema-instance" xsi:noNamespaceSchemaLocation="https://maven.apache.org/surefire/maven-surefire-plugin/xsd/surefire-test-report-3.0.xsd" version="3.0" name="TestSuite" time="2,218.701" tests="40" errors="0" skipped="0" failures="39">
  <properties>
[...]
</properties>
  <testcase name="runScenario" classname="runner.TestRunner" time="59.639">
    <failure type="java.lang.NullPointerException">java.lang.NullPointerException
</failure>
    <system-out><![CDATA[[Ljava.lang.String;@31a5c39e
C:\Users\DELL\eclipse-workspace\Portal-UI-Automation\Portal-UI-Automation\resources\GoldenTestDataInput\Queries
query : delete from collections.command_schedule where meter_id in (select id from collections.meter where hh_id=12345)
query : delete from collections.command_schedule where meter_id in (select id from collections.meter where hh_id=10555)
query : delete from collections.meter_software where meter_id in  (select id from collections.meter where hh_id='12345' and ineffective_date is null and status='PENDING')
query : delete from collections.config where meter_id in (select id from collections.meter where hh_id in ('12345') and ineffective_date is null and status='PENDING')
query : delete from collections.meter_software where meter_id in  (select id from collections.meter where hh_id='10555' and ineffective_date is null and status='PENDING')
query : delete from collections.config where meter_id in (select id from collections.meter where hh_id in ('10555') and ineffective_date is null and status='PENDING')
Launched application URl :http://dayrhemwkd044.enterprisenet.org:8080/mwp/
probelm in launching the application timeout
  (Session info: chrome=74.0.3729.169)
  (Driver info: chromedriver=72.0.3626.69 (3c16f8a135abc0d4da2dff33804db79b849a7c38),platform=Windows NT 10.0.17134 x86_64) (WARNING: The server did not provide any stacktrace information)
Command duration or timeout: 0 milliseconds
Build info: version: '3.141.59', revision: 'e82be7d358', time: '2018-11-14T08:17:03'
System info: host: 'DESKTOP-C8BLRTK', ip: '10.245.73.209', os.name: 'Windows 10', os.arch: 'amd64', os.version: '10.0', java.version: '1.8.0_201'
Driver info: org.openqa.selenium.chrome.ChromeDriver
Capabilities {acceptInsecureCerts: false, acceptSslCerts: false, applicationCacheEnabled: false, browserConnectionEnabled: false, browserName: chrome, chrome: {chromedriverVersion: 72.0.3626.69 (3c16f8a135abc..., userDataDir: C:\Users\DELL\AppData\Local...}, cssSelectorsEnabled: true, databaseEnabled: false, goog:chromeOptions: {debuggerAddress: localhost:57677}, handlesAlerts: true, hasTouchScreen: false, javascriptEnabled: true, locationContextEnabled: true, mobileEmulationEnabled: false, nativeEvents: true, networkConnectionEnabled: false, pageLoadStrategy: normal, platform: XP, platformName: XP, proxy: Proxy(), rotatable: false, setWindowRect: true, takesHeapSnapshot: true, takesScreenshot: true, timeouts: {implicit: 0, pageLoad: 300000, script: 30000}, unexpectedAlertBehaviour: ignore, unhandledPromptBehavior: ignore, version: 74.0.3729.169, webStorageEnabled: true}
Session ID: 256733414d3a043df2512ec12e745eae
Executing TC: MW-16968
Console Logs is redirected to: test-output/TestLogs/MW-16968_ConsoleLog.txt
Please wait. TC MW-16968 is getting executed...................................
]]></system-out>
    <system-err><![CDATA[Starting ChromeDriver 72.0.3626.69 (3c16f8a135abc0d4da2dff33804db79b849a7c38) on port 10554
Only local connections are allowed.
Please protect ports used by ChromeDriver and related test frameworks to prevent access by malicious code.
Jun 01, 2019 10:01:58 PM org.openqa.selenium.remote.ProtocolHandshake createSession
INFO: Detected dialect: OSS
[1559407020.509][SEVERE]: Timed out receiving message from renderer: 298.853
[1559407020.528][SEVERE]: Timed out receiving message from renderer: -0.028
[1559407050.480][SEVERE]: Timed out receiving message from renderer: 15.000
[1559407050.485][SEVERE]: Timed out receiving message from renderer: -0.005
[1559407065.497][SEVERE]: Timed out receiving message from renderer: 15.000
[1559407065.502][SEVERE]: Timed out receiving message from renderer: -0.005
[1559407080.613][SEVERE]: Timed out receiving message from renderer: 15.000
[1559407080.618][SEVERE]: Timed out receiving message from renderer: -0.005
]]></system-err>
  </testcase>
  <testcase name="runScenario" classname="runner.TestRunner" time="53.551">
    <failure type="java.lang.NullPointerException">java.lang.NullPointerException
</failure>
    <system-out><![CDATA[Executing TC: MW-1696801
Console Logs is redirected to: test-output/TestLogs/MW-1696801_ConsoleLog.txt
Please wait. TC MW-1696801 is getting executed...................................
]]></system-out>
    <system-err><![CDATA[[1559407104.203][SEVERE]: Timed out receiving message from renderer: 15.000
[1559407104.220][SEVERE]: Timed out receiving message from renderer: -0.018
[1559407119.240][SEVERE]: Timed out receiving message from renderer: 15.000
[1559407119.247][SEVERE]: Timed out receiving message from renderer: -0.007
[1559407134.266][SEVERE]: Timed out receiving message from renderer: 15.000
[1559407134.272][SEVERE]: Timed out receiving message from renderer: -0.011
]]></system-err>
  </testcase>
  <testcase name="runScenario" classname="runner.TestRunner" time="55.83">
    <failure type="java.lang.NullPointerException">java.lang.NullPointerException
</failure>
    <system-out><![CDATA[Executing TC: MW-1696802
Console Logs is redirected to: test-output/TestLogs/MW-1696802_ConsoleLog.txt
Please wait. TC MW-1696802 is getting executed...................................
]]></system-out>
    <system-err><![CDATA[[1559407160.065][SEVERE]: Timed out receiving message from renderer: 15.000
[1559407160.070][SEVERE]: Timed out receiving message from renderer: -0.005
[1559407175.084][SEVERE]: Timed out receiving message from renderer: 15.000
[1559407175.087][SEVERE]: Timed out receiving message from renderer: -0.003
[1559407190.094][SEVERE]: Timed out receiving message from renderer: 15.000
[1559407190.101][SEVERE]: Timed out receiving message from renderer: -0.007
]]></system-err>
  </testcase>
  <testcase name="runScenario" classname="runner.TestRunner" time="53.572">
    <failure type="java.lang.NullPointerException">java.lang.NullPointerException
</failure>
    <system-out><![CDATA[Executing TC: MW-20095
Console Logs is redirected to: test-output/TestLogs/MW-20095_ConsoleLog.txt
Please wait. TC MW-20095 is getting executed...................................
]]></system-out>
    <system-err><![CDATA[[1559407213.634][SEVERE]: Timed out receiving message from renderer: 15.000
[1559407213.637][SEVERE]: Timed out receiving message from renderer: -0.004
[1559407228.651][SEVERE]: Timed out receiving message from renderer: 15.000
[1559407228.656][SEVERE]: Timed out receiving message from renderer: -0.005
[1559407243.672][SEVERE]: Timed out receiving message from renderer: 15.000
[1559407243.676][SEVERE]: Timed out receiving message from renderer: -0.004
]]></system-err>
  </testcase>
  <testcase name="runScenario" classname="runner.TestRunner" time="52.264">
    <failure type="java.lang.NullPointerException">java.lang.NullPointerException
</failure>
    <system-out><![CDATA[Executing TC: MW-20096
Console Logs is redirected to: test-output/TestLogs/MW-20096_ConsoleLog.txt
Please wait. TC MW-20096 is getting executed...................................
]]></system-out>
    <system-err><![CDATA[[1559407265.887][SEVERE]: Timed out receiving message from renderer: 15.000
[1559407265.893][SEVERE]: Timed out receiving message from renderer: -0.006
[1559407280.905][SEVERE]: Timed out receiving message from renderer: 15.000
[1559407280.911][SEVERE]: Timed out receiving message from renderer: -0.005
[1559407295.926][SEVERE]: Timed out receiving message from renderer: 15.000
[1559407295.933][SEVERE]: Timed out receiving message from renderer: -0.007
]]></system-err>
  </testcase>
  <testcase name="runScenario" classname="runner.TestRunner" time="53.285">
    <failure type="java.lang.NullPointerException">java.lang.NullPointerException
</failure>
    <system-out><![CDATA[Executing TC: MW-16969
Console Logs is redirected to: test-output/TestLogs/MW-16969_ConsoleLog.txt
Please wait. TC MW-16969 is getting executed...................................
]]></system-out>
    <system-err><![CDATA[[1559407319.188][SEVERE]: Timed out receiving message from renderer: 15.000
[1559407319.192][SEVERE]: Timed out receiving message from renderer: -0.016
[1559407334.210][SEVERE]: Timed out receiving message from renderer: 15.000
[1559407334.212][SEVERE]: Timed out receiving message from renderer: -0.003
[1559407349.220][SEVERE]: Timed out receiving message from renderer: 15.000
[1559407349.226][SEVERE]: Timed out receiving message from renderer: -0.006
]]></system-err>
  </testcase>
  <testcase name="runScenario" classname="runner.TestRunner" time="52.358">
    <failure type="java.lang.NullPointerException">java.lang.NullPointerException
</failure>
    <system-out><![CDATA[Executing TC: MW-17284
Console Logs is redirected to: test-output/TestLogs/MW-17284_ConsoleLog.txt
Please wait. TC MW-17284 is getting executed...................................
]]></system-out>
    <system-err><![CDATA[[1559407371.557][SEVERE]: Timed out receiving message from renderer: 15.000
[1559407371.562][SEVERE]: Timed out receiving message from renderer: -0.005
[1559407386.571][SEVERE]: Timed out receiving message from renderer: 15.000
[1559407386.574][SEVERE]: Timed out receiving message from renderer: -0.003
[1559407401.580][SEVERE]: Timed out receiving message from renderer: 15.000
[1559407401.586][SEVERE]: Timed out receiving message from renderer: -0.006
]]></system-err>
  </testcase>
  <testcase name="runScenario" classname="runner.TestRunner" time="53.327">
    <failure type="java.lang.NullPointerException">java.lang.NullPointerException
</failure>
    <system-out><![CDATA[Executing TC: MW-20092
Console Logs is redirected to: test-output/TestLogs/MW-20092_ConsoleLog.txt
Please wait. TC MW-20092 is getting executed...................................
]]></system-out>
    <system-err><![CDATA[[1559407424.878][SEVERE]: Timed out receiving message from renderer: 15.000
[1559407424.882][SEVERE]: Timed out receiving message from renderer: -0.005
[1559407439.892][SEVERE]: Timed out receiving message from renderer: 15.000
[1559407439.895][SEVERE]: Timed out receiving message from renderer: -0.003
[1559407454.903][SEVERE]: Timed out receiving message from renderer: 15.000
[1559407454.907][SEVERE]: Timed out receiving message from renderer: -0.004
]]></system-err>
  </testcase>
  <testcase name="runScenario" classname="runner.TestRunner" time="53.84">
    <failure type="java.lang.NullPointerException">java.lang.NullPointerException
</failure>
    <system-out><![CDATA[Executing TC: MW-17265
Console Logs is redirected to: test-output/TestLogs/MW-17265_ConsoleLog.txt
Please wait. TC MW-17265 is getting executed...................................
]]></system-out>
    <system-err><![CDATA[[1559407478.715][SEVERE]: Timed out receiving message from renderer: 15.000
[1559407478.723][SEVERE]: Timed out receiving message from renderer: -0.008
[1559407493.736][SEVERE]: Timed out receiving message from renderer: 15.000
[1559407493.740][SEVERE]: Timed out receiving message from renderer: -0.004
[1559407508.746][SEVERE]: Timed out receiving message from renderer: 15.000
[1559407508.751][SEVERE]: Timed out receiving message from renderer: -0.005
]]></system-err>
  </testcase>
  <testcase name="runScenario" classname="runner.TestRunner" time="63.877">
    <failure type="java.lang.NullPointerException">java.lang.NullPointerException
</failure>
    <system-out><![CDATA[Executing TC: MW-17293
Console Logs is redirected to: test-output/TestLogs/MW-17293_ConsoleLog.txt
Please wait. TC MW-17293 is getting executed...................................
]]></system-out>
    <system-err><![CDATA[[1559407542.590][SEVERE]: Timed out receiving message from renderer: 15.000
[1559407542.593][SEVERE]: Timed out receiving message from renderer: -0.003
[1559407557.603][SEVERE]: Timed out receiving message from renderer: 15.000
[1559407557.611][SEVERE]: Timed out receiving message from renderer: -0.007
[1559407572.626][SEVERE]: Timed out receiving message from renderer: 15.000
[1559407572.630][SEVERE]: Timed out receiving message from renderer: -0.004
]]></system-err>
  </testcase>
  <testcase name="runScenario" classname="runner.TestRunner" time="54.439">
    <failure type="java.lang.NullPointerException">java.lang.NullPointerException
</failure>
    <system-out><![CDATA[Executing TC: MW-1729301
Console Logs is redirected to: test-output/TestLogs/MW-1729301_ConsoleLog.txt
Please wait. TC MW-1729301 is getting executed...................................
]]></system-out>
    <system-err><![CDATA[[1559407597.000][SEVERE]: Timed out receiving message from renderer: 15.000
[1559407597.003][SEVERE]: Timed out receiving message from renderer: -0.003
[1559407612.015][SEVERE]: Timed out receiving message from renderer: 15.000
[1559407612.021][SEVERE]: Timed out receiving message from renderer: -0.006
[1559407627.035][SEVERE]: Timed out receiving message from renderer: 15.000
[1559407627.041][SEVERE]: Timed out receiving message from renderer: -0.006
]]></system-err>
  </testcase>
  <testcase name="runScenario" classname="runner.TestRunner" time="55.088">
    <failure type="java.lang.NullPointerException">java.lang.NullPointerException
</failure>
    <system-out><![CDATA[Executing TC: MW-1729302
Console Logs is redirected to: test-output/TestLogs/MW-1729302_ConsoleLog.txt
Please wait. TC MW-1729302 is getting executed...................................
]]></system-out>
    <system-err><![CDATA[[1559407652.106][SEVERE]: Timed out receiving message from renderer: 15.000
[1559407652.126][SEVERE]: Timed out receiving message from renderer: -0.021
[1559407667.140][SEVERE]: Timed out receiving message from renderer: 15.000
[1559407667.142][SEVERE]: Timed out receiving message from renderer: -0.003
[1559407682.150][SEVERE]: Timed out receiving message from renderer: 15.000
[1559407682.155][SEVERE]: Timed out receiving message from renderer: -0.005
]]></system-err>
  </testcase>
  <testcase name="runScenario" classname="runner.TestRunner" time="55.081">
    <failure type="java.lang.NullPointerException">java.lang.NullPointerException
</failure>
    <system-out><![CDATA[Executing TC: MW-1729303
Console Logs is redirected to: test-output/TestLogs/MW-1729303_ConsoleLog.txt
Please wait. TC MW-1729303 is getting executed...................................
]]></system-out>
    <system-err><![CDATA[[1559407707.215][SEVERE]: Timed out receiving message from renderer: 15.000
[1559407707.217][SEVERE]: Timed out receiving message from renderer: -0.003
[1559407722.224][SEVERE]: Timed out receiving message from renderer: 15.000
[1559407722.229][SEVERE]: Timed out receiving message from renderer: -0.006
[1559407737.235][SEVERE]: Timed out receiving message from renderer: 15.000
[1559407737.240][SEVERE]: Timed out receiving message from renderer: -0.006
]]></system-err>
  </testcase>
  <testcase name="runScenario" classname="runner.TestRunner" time="45.06">
    <failure type="java.lang.NullPointerException">java.lang.NullPointerException
</failure>
    <system-out><![CDATA[Executing TC: MW-17297
Console Logs is redirected to: test-output/TestLogs/MW-17297_ConsoleLog.txt
Please wait. TC MW-17297 is getting executed...................................
]]></system-out>
    <system-err><![CDATA[[1559407752.287][SEVERE]: Timed out receiving message from renderer: 15.000
[1559407752.289][SEVERE]: Timed out receiving message from renderer: -0.002
[1559407767.295][SEVERE]: Timed out receiving message from renderer: 15.000
[1559407767.300][SEVERE]: Timed out receiving message from renderer: -0.005
[1559407782.311][SEVERE]: Timed out receiving message from renderer: 15.000
[1559407782.313][SEVERE]: Timed out receiving message from renderer: -0.003
]]></system-err>
  </testcase>
  <testcase name="runScenario" classname="runner.TestRunner" time="45.109">
    <failure type="java.lang.NullPointerException">java.lang.NullPointerException
</failure>
    <system-out><![CDATA[Executing TC: MW-17290
Console Logs is redirected to: test-output/TestLogs/MW-17290_ConsoleLog.txt
Please wait. TC MW-17290 is getting executed...................................
]]></system-out>
    <system-err><![CDATA[[1559407797.380][SEVERE]: Timed out receiving message from renderer: 15.000
[1559407797.385][SEVERE]: Timed out receiving message from renderer: -0.005
[1559407812.396][SEVERE]: Timed out receiving message from renderer: 15.000
[1559407812.398][SEVERE]: Timed out receiving message from renderer: -0.003
[1559407827.404][SEVERE]: Timed out receiving message from renderer: 15.000
[1559407827.410][SEVERE]: Timed out receiving message from renderer: -0.006
]]></system-err>
  </testcase>
  <testcase name="runScenario" classname="runner.TestRunner" time="45.067">
    <failure type="java.lang.NullPointerException">java.lang.NullPointerException
</failure>
    <system-out><![CDATA[Executing TC: MW-20094
Console Logs is redirected to: test-output/TestLogs/MW-20094_ConsoleLog.txt
Please wait. TC MW-20094 is getting executed...................................
]]></system-out>
    <system-err><![CDATA[[1559407842.459][SEVERE]: Timed out receiving message from renderer: 15.000
[1559407842.461][SEVERE]: Timed out receiving message from renderer: -0.002
[1559407857.467][SEVERE]: Timed out receiving message from renderer: 15.000
[1559407857.472][SEVERE]: Timed out receiving message from renderer: -0.005
[1559407872.482][SEVERE]: Timed out receiving message from renderer: 15.000
[1559407872.484][SEVERE]: Timed out receiving message from renderer: -0.003
]]></system-err>
  </testcase>
  <testcase name="runScenario" classname="runner.TestRunner" time="45.085">
    <failure type="java.lang.NullPointerException">java.lang.NullPointerException
</failure>
    <system-out><![CDATA[Executing TC: MW-17292
Console Logs is redirected to: test-output/TestLogs/MW-17292_ConsoleLog.txt
Please wait. TC MW-17292 is getting executed...................................
]]></system-out>
    <system-err><![CDATA[[1559407887.531][SEVERE]: Timed out receiving message from renderer: 15.000
[1559407887.536][SEVERE]: Timed out receiving message from renderer: -0.005
[1559407902.548][SEVERE]: Timed out receiving message from renderer: 15.000
[1559407902.550][SEVERE]: Timed out receiving message from renderer: -0.003
[1559407917.557][SEVERE]: Timed out receiving message from renderer: 15.000
[1559407917.562][SEVERE]: Timed out receiving message from renderer: -0.005
]]></system-err>
  </testcase>
  <testcase name="runScenario" classname="runner.TestRunner" time="45.097">
    <failure type="java.lang.NullPointerException">java.lang.NullPointerException
</failure>
    <system-out><![CDATA[Executing TC: MW-16940
Console Logs is redirected to: test-output/TestLogs/MW-16940_ConsoleLog.txt
Please wait. TC MW-16940 is getting executed...................................
]]></system-out>
    <system-err><![CDATA[[1559407932.621][SEVERE]: Timed out receiving message from renderer: 15.000
[1559407932.624][SEVERE]: Timed out receiving message from renderer: -0.003
[1559407947.634][SEVERE]: Timed out receiving message from renderer: 15.000
[1559407947.640][SEVERE]: Timed out receiving message from renderer: -0.005
[1559407962.650][SEVERE]: Timed out receiving message from renderer: 15.000
[1559407962.654][SEVERE]: Timed out receiving message from renderer: -0.005
]]></system-err>
  </testcase>
  <testcase name="runScenario" classname="runner.TestRunner" time="45.116">
    <failure type="java.lang.NullPointerException">java.lang.NullPointerException
</failure>
    <system-out><![CDATA[Executing TC: MW-16944
Console Logs is redirected to: test-output/TestLogs/MW-16944_ConsoleLog.txt
Please wait. TC MW-16944 is getting executed...................................
]]></system-out>
    <system-err><![CDATA[[1559407977.745][SEVERE]: Timed out receiving message from renderer: 15.000
[1559407977.750][SEVERE]: Timed out receiving message from renderer: -0.005
[1559407992.761][SEVERE]: Timed out receiving message from renderer: 15.000
[1559407992.763][SEVERE]: Timed out receiving message from renderer: -0.002
[1559408007.772][SEVERE]: Timed out receiving message from renderer: 15.000
[1559408007.777][SEVERE]: Timed out receiving message from renderer: -0.005
]]></system-err>
  </testcase>
  <testcase name="runScenario" classname="runner.TestRunner" time="45.051">
    <failure type="java.lang.NullPointerException">java.lang.NullPointerException
</failure>
    <system-out><![CDATA[Executing TC: MW-16938
Console Logs is redirected to: test-output/TestLogs/MW-16938_ConsoleLog.txt
Please wait. TC MW-16938 is getting executed...................................
]]></system-out>
    <system-err><![CDATA[[1559408022.818][SEVERE]: Timed out receiving message from renderer: 15.000
[1559408022.820][SEVERE]: Timed out receiving message from renderer: -0.003
[1559408037.825][SEVERE]: Timed out receiving message from renderer: 15.000
[1559408037.828][SEVERE]: Timed out receiving message from renderer: -0.003
[1559408052.833][SEVERE]: Timed out receiving message from renderer: 15.000
[1559408052.835][SEVERE]: Timed out receiving message from renderer: -0.002
]]></system-err>
  </testcase>
  <testcase name="runScenario" classname="runner.TestRunner" time="45.07">
    <failure type="java.lang.NullPointerException">java.lang.NullPointerException
</failure>
    <system-out><![CDATA[Executing TC: MW-16311
Console Logs is redirected to: test-output/TestLogs/MW-16311_ConsoleLog.txt
Please wait. TC MW-16311 is getting executed...................................
]]></system-out>
    <system-err><![CDATA[[1559408067.861][SEVERE]: Timed out receiving message from renderer: 15.000
[1559408067.865][SEVERE]: Timed out receiving message from renderer: -0.004
[1559408082.875][SEVERE]: Timed out receiving message from renderer: 15.000
[1559408082.878][SEVERE]: Timed out receiving message from renderer: -0.004
[1559408097.891][SEVERE]: Timed out receiving message from renderer: 15.000
[1559408097.898][SEVERE]: Timed out receiving message from renderer: -0.007
]]></system-err>
  </testcase>
  <testcase name="runScenario" classname="runner.TestRunner" time="45.074">
    <failure type="java.lang.NullPointerException">java.lang.NullPointerException
</failure>
    <system-out><![CDATA[Executing TC: MW-16311001
Console Logs is redirected to: test-output/TestLogs/MW-16311001_ConsoleLog.txt
Please wait. TC MW-16311001 is getting executed...................................
]]></system-out>
    <system-err><![CDATA[[1559408112.940][SEVERE]: Timed out receiving message from renderer: 15.000
[1559408112.944][SEVERE]: Timed out receiving message from renderer: -0.004
[1559408127.953][SEVERE]: Timed out receiving message from renderer: 15.000
[1559408127.958][SEVERE]: Timed out receiving message from renderer: -0.005
[1559408142.969][SEVERE]: Timed out receiving message from renderer: 15.000
[1559408142.973][SEVERE]: Timed out receiving message from renderer: -0.004
]]></system-err>
  </testcase>
  <testcase name="runScenario" classname="runner.TestRunner" time="45.089">
    <failure type="java.lang.NullPointerException">java.lang.NullPointerException
</failure>
    <system-out><![CDATA[Executing TC: MW-16311002
Console Logs is redirected to: test-output/TestLogs/MW-16311002_ConsoleLog.txt
Please wait. TC MW-16311002 is getting executed...................................
]]></system-out>
    <system-err><![CDATA[[1559408158.020][SEVERE]: Timed out receiving message from renderer: 15.000
[1559408158.026][SEVERE]: Timed out receiving message from renderer: -0.005
[1559408173.035][SEVERE]: Timed out receiving message from renderer: 15.000
[1559408173.039][SEVERE]: Timed out receiving message from renderer: -0.004
[1559408188.048][SEVERE]: Timed out receiving message from renderer: 15.000
[1559408188.053][SEVERE]: Timed out receiving message from renderer: -0.005
]]></system-err>
  </testcase>
  <testcase name="runScenario" classname="runner.TestRunner" time="45.107">
    <failure type="java.lang.NullPointerException">java.lang.NullPointerException
</failure>
    <system-out><![CDATA[Executing TC: MW-17078
Console Logs is redirected to: test-output/TestLogs/MW-17078_ConsoleLog.txt
Please wait. TC MW-17078 is getting executed...................................
]]></system-out>
    <system-err><![CDATA[[1559408203.141][SEVERE]: Timed out receiving message from renderer: 15.000
[1559408203.146][SEVERE]: Timed out receiving message from renderer: -0.005
[1559408218.156][SEVERE]: Timed out receiving message from renderer: 15.000
[1559408218.162][SEVERE]: Timed out receiving message from renderer: -0.006
[1559408233.176][SEVERE]: Timed out receiving message from renderer: 15.000
[1559408233.178][SEVERE]: Timed out receiving message from renderer: -0.002
]]></system-err>
  </testcase>
  <testcase name="runScenario" classname="runner.TestRunner" time="45.078">
    <failure type="java.lang.NullPointerException">java.lang.NullPointerException
</failure>
    <system-out><![CDATA[Executing TC: MW-9999
Console Logs is redirected to: test-output/TestLogs/MW-9999_ConsoleLog.txt
Please wait. TC MW-9999 is getting executed...................................
]]></system-out>
    <system-err><![CDATA[[1559408248.212][SEVERE]: Timed out receiving message from renderer: 15.000
[1559408248.214][SEVERE]: Timed out receiving message from renderer: -0.003
[1559408263.234][SEVERE]: Timed out receiving message from renderer: 15.000
[1559408263.236][SEVERE]: Timed out receiving message from renderer: -0.014
[1559408278.254][SEVERE]: Timed out receiving message from renderer: 15.000
[1559408278.256][SEVERE]: Timed out receiving message from renderer: -0.003
]]></system-err>
  </testcase>
  <testcase name="runScenario" classname="runner.TestRunner" time="45.045">
    <failure type="java.lang.NullPointerException">java.lang.NullPointerException
</failure>
    <system-out><![CDATA[Executing TC: MW-1694601
Console Logs is redirected to: test-output/TestLogs/MW-1694601_ConsoleLog.txt
Please wait. TC MW-1694601 is getting executed...................................
]]></system-out>
    <system-err><![CDATA[[1559408293.286][SEVERE]: Timed out receiving message from renderer: 15.000
[1559408293.288][SEVERE]: Timed out receiving message from renderer: -0.003
[1559408308.293][SEVERE]: Timed out receiving message from renderer: 15.000
[1559408308.295][SEVERE]: Timed out receiving message from renderer: -0.002
[1559408323.300][SEVERE]: Timed out receiving message from renderer: 15.000
[1559408323.302][SEVERE]: Timed out receiving message from renderer: -0.002
]]></system-err>
  </testcase>
  <testcase name="runScenario" classname="runner.TestRunner" time="45.05">
    <failure type="java.lang.NullPointerException">java.lang.NullPointerException
</failure>
    <system-out><![CDATA[Executing TC: MW-17067
Console Logs is redirected to: test-output/TestLogs/MW-17067_ConsoleLog.txt
Please wait. TC MW-17067 is getting executed...................................
]]></system-out>
    <system-err><![CDATA[[1559408338.333][SEVERE]: Timed out receiving message from renderer: 15.000
[1559408338.335][SEVERE]: Timed out receiving message from renderer: -0.002
[1559408353.340][SEVERE]: Timed out receiving message from renderer: 15.000
[1559408353.342][SEVERE]: Timed out receiving message from renderer: -0.003
[1559408368.350][SEVERE]: Timed out receiving message from renderer: 15.000
[1559408368.352][SEVERE]: Timed out receiving message from renderer: -0.002
]]></system-err>
  </testcase>
  <testcase name="runScenario" classname="runner.TestRunner" time="45.094">
    <failure type="java.lang.NullPointerException">java.lang.NullPointerException
</failure>
    <system-out><![CDATA[Executing TC: MW-1706701
Console Logs is redirected to: test-output/TestLogs/MW-1706701_ConsoleLog.txt
Please wait. TC MW-1706701 is getting executed...................................
]]></system-out>
    <system-err><![CDATA[[1559408383.432][SEVERE]: Timed out receiving message from renderer: 15.000
[1559408383.434][SEVERE]: Timed out receiving message from renderer: -0.002
[1559408398.438][SEVERE]: Timed out receiving message from renderer: 15.000
[1559408398.440][SEVERE]: Timed out receiving message from renderer: -0.002
[1559408413.445][SEVERE]: Timed out receiving message from renderer: 15.000
[1559408413.447][SEVERE]: Timed out receiving message from renderer: -0.002
]]></system-err>
  </testcase>
  <testcase name="runScenario" classname="runner.TestRunner" time="45.064">
    <failure type="java.lang.NullPointerException">java.lang.NullPointerException
</failure>
    <system-out><![CDATA[Executing TC: MW-1706702
Console Logs is redirected to: test-output/TestLogs/MW-1706702_ConsoleLog.txt
Please wait. TC MW-1706702 is getting executed...................................
]]></system-out>
    <system-err><![CDATA[[1559408428.496][SEVERE]: Timed out receiving message from renderer: 15.000
[1559408428.498][SEVERE]: Timed out receiving message from renderer: -0.002
[1559408443.502][SEVERE]: Timed out receiving message from renderer: 15.000
[1559408443.504][SEVERE]: Timed out receiving message from renderer: -0.002
[1559408458.509][SEVERE]: Timed out receiving message from renderer: 15.000
[1559408458.511][SEVERE]: Timed out receiving message from renderer: -0.002
]]></system-err>
  </testcase>
  <testcase name="runScenario" classname="runner.TestRunner" time="45.044">
    <failure type="java.lang.NullPointerException">java.lang.NullPointerException
</failure>
    <system-out><![CDATA[Executing TC: MW-1707202
Console Logs is redirected to: test-output/TestLogs/MW-1707202_ConsoleLog.txt
Please wait. TC MW-1707202 is getting executed...................................
]]></system-out>
    <system-err><![CDATA[[1559408473.533][SEVERE]: Timed out receiving message from renderer: 15.000
[1559408473.535][SEVERE]: Timed out receiving message from renderer: -0.002
[1559408488.539][SEVERE]: Timed out receiving message from renderer: 15.000
[1559408488.544][SEVERE]: Timed out receiving message from renderer: -0.005
[1559408503.551][SEVERE]: Timed out receiving message from renderer: 15.000
[1559408503.553][SEVERE]: Timed out receiving message from renderer: -0.002
]]></system-err>
  </testcase>
  <testcase name="runScenario" classname="runner.TestRunner" time="45.345">
    <failure type="java.lang.NullPointerException">java.lang.NullPointerException
</failure>
    <system-out><![CDATA[Executing TC: MW-17072
Console Logs is redirected to: test-output/TestLogs/MW-17072_ConsoleLog.txt
Please wait. TC MW-17072 is getting executed...................................
]]></system-out>
    <system-err><![CDATA[[1559408518.886][SEVERE]: Timed out receiving message from renderer: 15.000
[1559408518.888][SEVERE]: Timed out receiving message from renderer: -0.002
[1559408533.892][SEVERE]: Timed out receiving message from renderer: 15.000
[1559408533.893][SEVERE]: Timed out receiving message from renderer: -0.002
[1559408548.898][SEVERE]: Timed out receiving message from renderer: 15.000
[1559408548.901][SEVERE]: Timed out receiving message from renderer: -0.003
]]></system-err>
  </testcase>
  <testcase name="runScenario" classname="runner.TestRunner" time="45.07">
    <failure type="java.lang.NullPointerException">java.lang.NullPointerException
</failure>
    <system-out><![CDATA[Executing TC: MW-1707201
Console Logs is redirected to: test-output/TestLogs/MW-1707201_ConsoleLog.txt
Please wait. TC MW-1707201 is getting executed...................................
]]></system-out>
    <system-err><![CDATA[[1559408563.936][SEVERE]: Timed out receiving message from renderer: 15.000
[1559408563.938][SEVERE]: Timed out receiving message from renderer: -0.011
[1559408578.956][SEVERE]: Timed out receiving message from renderer: 15.000
[1559408578.959][SEVERE]: Timed out receiving message from renderer: -0.004
[1559408593.966][SEVERE]: Timed out receiving message from renderer: 15.000
[1559408593.968][SEVERE]: Timed out receiving message from renderer: -0.002
]]></system-err>
  </testcase>
  <testcase name="runScenario" classname="runner.TestRunner" time="45.335">
    <failure type="java.lang.NullPointerException">java.lang.NullPointerException
</failure>
    <system-out><![CDATA[Executing TC: MW-00009
Console Logs is redirected to: test-output/TestLogs/MW-00009_ConsoleLog.txt
Please wait. TC MW-00009 is getting executed...................................
]]></system-out>
    <system-err><![CDATA[[1559408609.288][SEVERE]: Timed out receiving message from renderer: 15.000
[1559408609.291][SEVERE]: Timed out receiving message from renderer: -0.004
[1559408624.297][SEVERE]: Timed out receiving message from renderer: 15.000
[1559408624.299][SEVERE]: Timed out receiving message from renderer: -0.002
[1559408639.304][SEVERE]: Timed out receiving message from renderer: 15.000
[1559408639.306][SEVERE]: Timed out receiving message from renderer: -0.002
]]></system-err>
  </testcase>
  <testcase name="runScenario" classname="runner.TestRunner" time="45.327">
    <failure type="java.lang.NullPointerException">java.lang.NullPointerException
</failure>
    <system-out><![CDATA[Executing TC: MW-16946
Console Logs is redirected to: test-output/TestLogs/MW-16946_ConsoleLog.txt
Please wait. TC MW-16946 is getting executed...................................
]]></system-out>
    <system-err><![CDATA[[1559408654.616][SEVERE]: Timed out receiving message from renderer: 15.000
[1559408654.618][SEVERE]: Timed out receiving message from renderer: -0.002
[1559408669.624][SEVERE]: Timed out receiving message from renderer: 15.000
[1559408669.626][SEVERE]: Timed out receiving message from renderer: -0.003
[1559408684.630][SEVERE]: Timed out receiving message from renderer: 15.000
[1559408684.632][SEVERE]: Timed out receiving message from renderer: -0.002
]]></system-err>
  </testcase>
  <testcase name="runScenario" classname="runner.TestRunner" time="45.352">
    <failure type="java.lang.NullPointerException">java.lang.NullPointerException
</failure>
    <system-out><![CDATA[Executing TC: MW-16947
Console Logs is redirected to: test-output/TestLogs/MW-16947_ConsoleLog.txt
Please wait. TC MW-16947 is getting executed...................................
]]></system-out>
    <system-err><![CDATA[[1559408699.961][SEVERE]: Timed out receiving message from renderer: 15.000
[1559408699.962][SEVERE]: Timed out receiving message from renderer: -0.003
[1559408714.967][SEVERE]: Timed out receiving message from renderer: 15.000
[1559408714.969][SEVERE]: Timed out receiving message from renderer: -0.003
[1559408729.983][SEVERE]: Timed out receiving message from renderer: 15.000
[1559408729.985][SEVERE]: Timed out receiving message from renderer: -0.010
]]></system-err>
  </testcase>
  <testcase name="runScenario" classname="runner.TestRunner" time="45.051">
    <failure type="java.lang.NullPointerException">java.lang.NullPointerException
</failure>
    <system-out><![CDATA[Executing TC: MW-16267
Console Logs is redirected to: test-output/TestLogs/MW-16267_ConsoleLog.txt
Please wait. TC MW-16267 is getting executed...................................
]]></system-out>
    <system-err><![CDATA[[1559408745.019][SEVERE]: Timed out receiving message from renderer: 15.000
[1559408745.021][SEVERE]: Timed out receiving message from renderer: -0.002
[1559408760.026][SEVERE]: Timed out receiving message from renderer: 15.000
[1559408760.029][SEVERE]: Timed out receiving message from renderer: -0.003
[1559408775.033][SEVERE]: Timed out receiving message from renderer: 15.000
[1559408775.036][SEVERE]: Timed out receiving message from renderer: -0.002
]]></system-err>
  </testcase>
  <testcase name="runScenario" classname="runner.TestRunner" time="46.423">
    <failure type="java.lang.NullPointerException">java.lang.NullPointerException
</failure>
    <system-out><![CDATA[Executing TC: MW-00002
Console Logs is redirected to: test-output/TestLogs/MW-00002_ConsoleLog.txt
Please wait. TC MW-00002 is getting executed...................................
]]></system-out>
    <system-err><![CDATA[[1559408791.444][SEVERE]: Timed out receiving message from renderer: 15.000
[1559408791.447][SEVERE]: Timed out receiving message from renderer: -0.004
[1559408806.452][SEVERE]: Timed out receiving message from renderer: 15.000
[1559408806.454][SEVERE]: Timed out receiving message from renderer: -0.002
[1559408821.458][SEVERE]: Timed out receiving message from renderer: 15.000
[1559408821.460][SEVERE]: Timed out receiving message from renderer: -0.002
]]></system-err>
  </testcase>
  <testcase name="runScenario" classname="runner.TestRunner" time="46.433">
    <failure type="java.lang.NullPointerException">java.lang.NullPointerException
</failure>
    <system-out><![CDATA[Executing TC: MW-00003
Console Logs is redirected to: test-output/TestLogs/MW-00003_ConsoleLog.txt
Please wait. TC MW-00003 is getting executed...................................
]]></system-out>
    <system-err><![CDATA[[1559408837.863][SEVERE]: Timed out receiving message from renderer: 15.000
[1559408837.865][SEVERE]: Timed out receiving message from renderer: -0.003
[1559408852.870][SEVERE]: Timed out receiving message from renderer: 15.000
[1559408852.873][SEVERE]: Timed out receiving message from renderer: -0.003
[1559408867.880][SEVERE]: Timed out receiving message from renderer: 15.000
[1559408867.885][SEVERE]: Timed out receiving message from renderer: -0.005
]]></system-err>
  </testcase>
  <testcase name="runScenario" classname="runner.TestRunner" time="45.369">
    <failure type="java.lang.NullPointerException">java.lang.NullPointerException
</failure>
    <system-out><![CDATA[Executing TC: MW-17254
Console Logs is redirected to: test-output/TestLogs/MW-17254_ConsoleLog.txt
Please wait. TC MW-17254 is getting executed...................................
]]></system-out>
    <system-err><![CDATA[[1559408883.230][SEVERE]: Timed out receiving message from renderer: 15.000
[1559408883.235][SEVERE]: Timed out receiving message from renderer: -0.005
[1559408898.243][SEVERE]: Timed out receiving message from renderer: 15.000
[1559408898.245][SEVERE]: Timed out receiving message from renderer: -0.003
[1559408913.250][SEVERE]: Timed out receiving message from renderer: 15.000
[1559408913.255][SEVERE]: Timed out receiving message from renderer: -0.005
]]></system-err>
  </testcase>
  <testcase name="setUpClass_test" classname="runner.TestRunner" time="0.001"/>
</testsuite>