<?xml version="1.0" encoding="UTF-8"?>
<!-- Generated by org.testng.reporters.JUnitXMLReporter -->
<testsuite hostname="DESKTOP-C8BLRTK" ignored="0" name="SSRReports" tests="40" failures="39" timestamp="01 Jun 2019 17:08:33 GMT" time="2217.099" errors="0">
  <testcase name="runScenario" time="59.622" classname="cucumber.api.testng.AbstractTestNGCucumberTests">
    <failure type="java.lang.NullPointerException">
      <![CDATA[java.lang.NullPointerException
at com.nielsen.cucumbertestngframework.TestExecutor.goToNanoTab(TestExecutor.java:437)
at com.nielsen.cucumbertestngframework.TestExecutor.loginToPortal(TestExecutor.java:343)
at stepdefs.BaseStepDefs.iLoggedInToPortalAndGoToTab(BaseStepDefs.java:54)
at ✽.I logged in to Portal and go to "NANO" tab(resources\Feature\NanoPortal.feature:7)
]]>
    </failure>
  </testcase> <!-- runScenario -->
  <testcase name="runScenario" time="53.558" classname="cucumber.api.testng.AbstractTestNGCucumberTests">
    <failure type="java.lang.NullPointerException">
      <![CDATA[java.lang.NullPointerException
at com.nielsen.cucumbertestngframework.TestExecutor.goToNanoTab(TestExecutor.java:437)
at com.nielsen.cucumbertestngframework.TestExecutor.loginToPortal(TestExecutor.java:343)
at stepdefs.BaseStepDefs.iLoggedInToPortalAndGoToTab(BaseStepDefs.java:54)
at ✽.I logged in to Portal and go to "NANO" tab(resources\Feature\NanoPortal.feature:7)
]]>
    </failure>
  </testcase> <!-- runScenario -->
  <testcase name="runScenario" time="55.829" classname="cucumber.api.testng.AbstractTestNGCucumberTests">
    <failure type="java.lang.NullPointerException">
      <![CDATA[java.lang.NullPointerException
at com.nielsen.cucumbertestngframework.TestExecutor.goToNanoTab(TestExecutor.java:437)
at com.nielsen.cucumbertestngframework.TestExecutor.loginToPortal(TestExecutor.java:343)
at stepdefs.BaseStepDefs.iLoggedInToPortalAndGoToTab(BaseStepDefs.java:54)
at ✽.I logged in to Portal and go to "NANO" tab(resources\Feature\NanoPortal.feature:7)
]]>
    </failure>
  </testcase> <!-- runScenario -->
  <testcase name="runScenario" time="53.572" classname="cucumber.api.testng.AbstractTestNGCucumberTests">
    <failure type="java.lang.NullPointerException">
      <![CDATA[java.lang.NullPointerException
at com.nielsen.cucumbertestngframework.TestExecutor.goToNanoTab(TestExecutor.java:437)
at com.nielsen.cucumbertestngframework.TestExecutor.loginToPortal(TestExecutor.java:343)
at stepdefs.BaseStepDefs.iLoggedInToPortalAndGoToTab(BaseStepDefs.java:54)
at ✽.I logged in to Portal and go to "NANO" tab(resources\Feature\NanoPortal.feature:7)
]]>
    </failure>
  </testcase> <!-- runScenario -->
  <testcase name="runScenario" time="52.263" classname="cucumber.api.testng.AbstractTestNGCucumberTests">
    <failure type="java.lang.NullPointerException">
      <![CDATA[java.lang.NullPointerException
at com.nielsen.cucumbertestngframework.TestExecutor.goToNanoTab(TestExecutor.java:437)
at com.nielsen.cucumbertestngframework.TestExecutor.loginToPortal(TestExecutor.java:343)
at stepdefs.BaseStepDefs.iLoggedInToPortalAndGoToTab(BaseStepDefs.java:54)
at ✽.I logged in to Portal and go to "NANO" tab(resources\Feature\NanoPortal.feature:7)
]]>
    </failure>
  </testcase> <!-- runScenario -->
  <testcase name="runScenario" time="53.284" classname="cucumber.api.testng.AbstractTestNGCucumberTests">
    <failure type="java.lang.NullPointerException">
      <![CDATA[java.lang.NullPointerException
at com.nielsen.cucumbertestngframework.TestExecutor.goToNanoTab(TestExecutor.java:437)
at com.nielsen.cucumbertestngframework.TestExecutor.loginToPortal(TestExecutor.java:343)
at stepdefs.BaseStepDefs.iLoggedInToPortalAndGoToTab(BaseStepDefs.java:54)
at ✽.I logged in to Portal and go to "NANO" tab(resources\Feature\NanoPortal.feature:7)
]]>
    </failure>
  </testcase> <!-- runScenario -->
  <testcase name="runScenario" time="52.358" classname="cucumber.api.testng.AbstractTestNGCucumberTests">
    <failure type="java.lang.NullPointerException">
      <![CDATA[java.lang.NullPointerException
at com.nielsen.cucumbertestngframework.TestExecutor.goToNanoTab(TestExecutor.java:437)
at com.nielsen.cucumbertestngframework.TestExecutor.loginToPortal(TestExecutor.java:343)
at stepdefs.BaseStepDefs.iLoggedInToPortalAndGoToTab(BaseStepDefs.java:54)
at ✽.I logged in to Portal and go to "NANO" tab(resources\Feature\NanoPortal.feature:7)
]]>
    </failure>
  </testcase> <!-- runScenario -->
  <testcase name="runScenario" time="53.324" classname="cucumber.api.testng.AbstractTestNGCucumberTests">
    <failure type="java.lang.NullPointerException">
      <![CDATA[java.lang.NullPointerException
at com.nielsen.cucumbertestngframework.TestExecutor.goToNanoTab(TestExecutor.java:437)
at com.nielsen.cucumbertestngframework.TestExecutor.loginToPortal(TestExecutor.java:343)
at stepdefs.BaseStepDefs.iLoggedInToPortalAndGoToTab(BaseStepDefs.java:54)
at ✽.I logged in to Portal and go to "NANO" tab(resources\Feature\NanoPortal.feature:7)
]]>
    </failure>
  </testcase> <!-- runScenario -->
  <testcase name="runScenario" time="53.84" classname="cucumber.api.testng.AbstractTestNGCucumberTests">
    <failure type="java.lang.NullPointerException">
      <![CDATA[java.lang.NullPointerException
at com.nielsen.cucumbertestngframework.TestExecutor.goToNanoTab(TestExecutor.java:437)
at com.nielsen.cucumbertestngframework.TestExecutor.loginToPortal(TestExecutor.java:343)
at stepdefs.BaseStepDefs.iLoggedInToPortalAndGoToTab(BaseStepDefs.java:54)
at ✽.I logged in to Portal and go to "NANO" tab(resources\Feature\NanoPortal.feature:7)
]]>
    </failure>
  </testcase> <!-- runScenario -->
  <testcase name="runScenario" time="63.876" classname="cucumber.api.testng.AbstractTestNGCucumberTests">
    <failure type="java.lang.NullPointerException">
      <![CDATA[java.lang.NullPointerException
at com.nielsen.cucumbertestngframework.TestExecutor.goToNanoTab(TestExecutor.java:437)
at com.nielsen.cucumbertestngframework.TestExecutor.loginToPortal(TestExecutor.java:343)
at stepdefs.BaseStepDefs.iLoggedInToPortalAndGoToTab(BaseStepDefs.java:54)
at ✽.I logged in to Portal and go to "NANO" tab(resources\Feature\NanoPortal.feature:7)
]]>
    </failure>
  </testcase> <!-- runScenario -->
  <testcase name="runScenario" time="54.428" classname="cucumber.api.testng.AbstractTestNGCucumberTests">
    <failure type="java.lang.NullPointerException">
      <![CDATA[java.lang.NullPointerException
at com.nielsen.cucumbertestngframework.TestExecutor.goToNanoTab(TestExecutor.java:437)
at com.nielsen.cucumbertestngframework.TestExecutor.loginToPortal(TestExecutor.java:343)
at stepdefs.BaseStepDefs.iLoggedInToPortalAndGoToTab(BaseStepDefs.java:54)
at ✽.I logged in to Portal and go to "NANO" tab(resources\Feature\NanoPortal.feature:7)
]]>
    </failure>
  </testcase> <!-- runScenario -->
  <testcase name="runScenario" time="55.097" classname="cucumber.api.testng.AbstractTestNGCucumberTests">
    <failure type="java.lang.NullPointerException">
      <![CDATA[java.lang.NullPointerException
at com.nielsen.cucumbertestngframework.TestExecutor.goToNanoTab(TestExecutor.java:437)
at com.nielsen.cucumbertestngframework.TestExecutor.loginToPortal(TestExecutor.java:343)
at stepdefs.BaseStepDefs.iLoggedInToPortalAndGoToTab(BaseStepDefs.java:54)
at ✽.I logged in to Portal and go to "NANO" tab(resources\Feature\NanoPortal.feature:7)
]]>
    </failure>
  </testcase> <!-- runScenario -->
  <testcase name="runScenario" time="55.081" classname="cucumber.api.testng.AbstractTestNGCucumberTests">
    <failure type="java.lang.NullPointerException">
      <![CDATA[java.lang.NullPointerException
at com.nielsen.cucumbertestngframework.TestExecutor.goToNanoTab(TestExecutor.java:437)
at com.nielsen.cucumbertestngframework.TestExecutor.loginToPortal(TestExecutor.java:343)
at stepdefs.BaseStepDefs.iLoggedInToPortalAndGoToTab(BaseStepDefs.java:54)
at ✽.I logged in to Portal and go to "NANO" tab(resources\Feature\NanoPortal.feature:7)
]]>
    </failure>
  </testcase> <!-- runScenario -->
  <testcase name="runScenario" time="45.061" classname="cucumber.api.testng.AbstractTestNGCucumberTests">
    <failure type="java.lang.NullPointerException">
      <![CDATA[java.lang.NullPointerException
at com.nielsen.cucumbertestngframework.TestExecutor.goToNanoTab(TestExecutor.java:437)
at com.nielsen.cucumbertestngframework.TestExecutor.loginToPortal(TestExecutor.java:343)
at stepdefs.BaseStepDefs.iLoggedInToPortalAndGoToTab(BaseStepDefs.java:54)
at ✽.I logged in to Portal and go to "NANO" tab(resources\Feature\NanoPortal.feature:7)
]]>
    </failure>
  </testcase> <!-- runScenario -->
  <testcase name="runScenario" time="45.108" classname="cucumber.api.testng.AbstractTestNGCucumberTests">
    <failure type="java.lang.NullPointerException">
      <![CDATA[java.lang.NullPointerException
at com.nielsen.cucumbertestngframework.TestExecutor.goToNanoTab(TestExecutor.java:437)
at com.nielsen.cucumbertestngframework.TestExecutor.loginToPortal(TestExecutor.java:343)
at stepdefs.BaseStepDefs.iLoggedInToPortalAndGoToTab(BaseStepDefs.java:54)
at ✽.I logged in to Portal and go to "NANO" tab(resources\Feature\NanoPortal.feature:7)
]]>
    </failure>
  </testcase> <!-- runScenario -->
  <testcase name="runScenario" time="45.067" classname="cucumber.api.testng.AbstractTestNGCucumberTests">
    <failure type="java.lang.NullPointerException">
      <![CDATA[java.lang.NullPointerException
at com.nielsen.cucumbertestngframework.TestExecutor.goToNanoTab(TestExecutor.java:437)
at com.nielsen.cucumbertestngframework.TestExecutor.loginToPortal(TestExecutor.java:343)
at stepdefs.BaseStepDefs.iLoggedInToPortalAndGoToTab(BaseStepDefs.java:54)
at ✽.I logged in to Portal and go to "NANO" tab(resources\Feature\NanoPortal.feature:7)
]]>
    </failure>
  </testcase> <!-- runScenario -->
  <testcase name="runScenario" time="45.085" classname="cucumber.api.testng.AbstractTestNGCucumberTests">
    <failure type="java.lang.NullPointerException">
      <![CDATA[java.lang.NullPointerException
at com.nielsen.cucumbertestngframework.TestExecutor.goToNanoTab(TestExecutor.java:437)
at com.nielsen.cucumbertestngframework.TestExecutor.loginToPortal(TestExecutor.java:343)
at stepdefs.BaseStepDefs.iLoggedInToPortalAndGoToTab(BaseStepDefs.java:54)
at ✽.I logged in to Portal and go to "NANO" tab(resources\Feature\NanoPortal.feature:7)
]]>
    </failure>
  </testcase> <!-- runScenario -->
  <testcase name="runScenario" time="45.096" classname="cucumber.api.testng.AbstractTestNGCucumberTests">
    <failure type="java.lang.NullPointerException">
      <![CDATA[java.lang.NullPointerException
at com.nielsen.cucumbertestngframework.TestExecutor.goToNanoTab(TestExecutor.java:437)
at com.nielsen.cucumbertestngframework.TestExecutor.loginToPortal(TestExecutor.java:343)
at stepdefs.BaseStepDefs.iLoggedInToPortalAndGoToTab(BaseStepDefs.java:54)
at ✽.I logged in to Portal and go to "NANO" tab(resources\Feature\NanoPortal.feature:7)
]]>
    </failure>
  </testcase> <!-- runScenario -->
  <testcase name="runScenario" time="45.115" classname="cucumber.api.testng.AbstractTestNGCucumberTests">
    <failure type="java.lang.NullPointerException">
      <![CDATA[java.lang.NullPointerException
at com.nielsen.cucumbertestngframework.TestExecutor.goToNanoTab(TestExecutor.java:437)
at com.nielsen.cucumbertestngframework.TestExecutor.loginToPortal(TestExecutor.java:343)
at stepdefs.BaseStepDefs.iLoggedInToPortalAndGoToTab(BaseStepDefs.java:54)
at ✽.I logged in to Portal and go to "NANO" tab(resources\Feature\NanoPortal.feature:7)
]]>
    </failure>
  </testcase> <!-- runScenario -->
  <testcase name="runScenario" time="45.051" classname="cucumber.api.testng.AbstractTestNGCucumberTests">
    <failure type="java.lang.NullPointerException">
      <![CDATA[java.lang.NullPointerException
at com.nielsen.cucumbertestngframework.TestExecutor.goToNanoTab(TestExecutor.java:437)
at com.nielsen.cucumbertestngframework.TestExecutor.loginToPortal(TestExecutor.java:343)
at stepdefs.BaseStepDefs.iLoggedInToPortalAndGoToTab(BaseStepDefs.java:54)
at ✽.I logged in to Portal and go to "NANO" tab(resources\Feature\NanoPortal.feature:7)
]]>
    </failure>
  </testcase> <!-- runScenario -->
  <testcase name="runScenario" time="45.07" classname="cucumber.api.testng.AbstractTestNGCucumberTests">
    <failure type="java.lang.NullPointerException">
      <![CDATA[java.lang.NullPointerException
at com.nielsen.cucumbertestngframework.TestExecutor.goToNanoTab(TestExecutor.java:437)
at com.nielsen.cucumbertestngframework.TestExecutor.loginToPortal(TestExecutor.java:343)
at stepdefs.BaseStepDefs.iLoggedInToPortalAndGoToTab(BaseStepDefs.java:54)
at ✽.I logged in to Portal and go to "NANO" tab(resources\Feature\NanoPortal.feature:7)
]]>
    </failure>
  </testcase> <!-- runScenario -->
  <testcase name="runScenario" time="45.073" classname="cucumber.api.testng.AbstractTestNGCucumberTests">
    <failure type="java.lang.NullPointerException">
      <![CDATA[java.lang.NullPointerException
at com.nielsen.cucumbertestngframework.TestExecutor.goToNanoTab(TestExecutor.java:437)
at com.nielsen.cucumbertestngframework.TestExecutor.loginToPortal(TestExecutor.java:343)
at stepdefs.BaseStepDefs.iLoggedInToPortalAndGoToTab(BaseStepDefs.java:54)
at ✽.I logged in to Portal and go to "NANO" tab(resources\Feature\NanoPortal.feature:7)
]]>
    </failure>
  </testcase> <!-- runScenario -->
  <testcase name="runScenario" time="45.087" classname="cucumber.api.testng.AbstractTestNGCucumberTests">
    <failure type="java.lang.NullPointerException">
      <![CDATA[java.lang.NullPointerException
at com.nielsen.cucumbertestngframework.TestExecutor.goToNanoTab(TestExecutor.java:437)
at com.nielsen.cucumbertestngframework.TestExecutor.loginToPortal(TestExecutor.java:343)
at stepdefs.BaseStepDefs.iLoggedInToPortalAndGoToTab(BaseStepDefs.java:54)
at ✽.I logged in to Portal and go to "NANO" tab(resources\Feature\NanoPortal.feature:7)
]]>
    </failure>
  </testcase> <!-- runScenario -->
  <testcase name="runScenario" time="45.108" classname="cucumber.api.testng.AbstractTestNGCucumberTests">
    <failure type="java.lang.NullPointerException">
      <![CDATA[java.lang.NullPointerException
at com.nielsen.cucumbertestngframework.TestExecutor.goToNanoTab(TestExecutor.java:437)
at com.nielsen.cucumbertestngframework.TestExecutor.loginToPortal(TestExecutor.java:343)
at stepdefs.BaseStepDefs.iLoggedInToPortalAndGoToTab(BaseStepDefs.java:54)
at ✽.I logged in to Portal and go to "NANO" tab(resources\Feature\NanoPortal.feature:7)
]]>
    </failure>
  </testcase> <!-- runScenario -->
  <testcase name="runScenario" time="45.079" classname="cucumber.api.testng.AbstractTestNGCucumberTests">
    <failure type="java.lang.NullPointerException">
      <![CDATA[java.lang.NullPointerException
at com.nielsen.cucumbertestngframework.TestExecutor.goToNanoTab(TestExecutor.java:437)
at com.nielsen.cucumbertestngframework.TestExecutor.loginToPortal(TestExecutor.java:343)
at stepdefs.BaseStepDefs.iLoggedInToPortalAndGoToTab(BaseStepDefs.java:54)
at ✽.I logged in to Portal and go to "NANO" tab(resources\Feature\NanoPortal.feature:7)
]]>
    </failure>
  </testcase> <!-- runScenario -->
  <testcase name="runScenario" time="45.045" classname="cucumber.api.testng.AbstractTestNGCucumberTests">
    <failure type="java.lang.NullPointerException">
      <![CDATA[java.lang.NullPointerException
at com.nielsen.cucumbertestngframework.TestExecutor.goToNanoTab(TestExecutor.java:437)
at com.nielsen.cucumbertestngframework.TestExecutor.loginToPortal(TestExecutor.java:343)
at stepdefs.BaseStepDefs.iLoggedInToPortalAndGoToTab(BaseStepDefs.java:54)
at ✽.I logged in to Portal and go to "NANO" tab(resources\Feature\NanoPortal.feature:7)
]]>
    </failure>
  </testcase> <!-- runScenario -->
  <testcase name="runScenario" time="45.05" classname="cucumber.api.testng.AbstractTestNGCucumberTests">
    <failure type="java.lang.NullPointerException">
      <![CDATA[java.lang.NullPointerException
at com.nielsen.cucumbertestngframework.TestExecutor.goToNanoTab(TestExecutor.java:437)
at com.nielsen.cucumbertestngframework.TestExecutor.loginToPortal(TestExecutor.java:343)
at stepdefs.BaseStepDefs.iLoggedInToPortalAndGoToTab(BaseStepDefs.java:54)
at ✽.I logged in to Portal and go to "NANO" tab(resources\Feature\NanoPortal.feature:7)
]]>
    </failure>
  </testcase> <!-- runScenario -->
  <testcase name="runScenario" time="45.095" classname="cucumber.api.testng.AbstractTestNGCucumberTests">
    <failure type="java.lang.NullPointerException">
      <![CDATA[java.lang.NullPointerException
at com.nielsen.cucumbertestngframework.TestExecutor.goToNanoTab(TestExecutor.java:437)
at com.nielsen.cucumbertestngframework.TestExecutor.loginToPortal(TestExecutor.java:343)
at stepdefs.BaseStepDefs.iLoggedInToPortalAndGoToTab(BaseStepDefs.java:54)
at ✽.I logged in to Portal and go to "NANO" tab(resources\Feature\NanoPortal.feature:7)
]]>
    </failure>
  </testcase> <!-- runScenario -->
  <testcase name="runScenario" time="45.063" classname="cucumber.api.testng.AbstractTestNGCucumberTests">
    <failure type="java.lang.NullPointerException">
      <![CDATA[java.lang.NullPointerException
at com.nielsen.cucumbertestngframework.TestExecutor.goToNanoTab(TestExecutor.java:437)
at com.nielsen.cucumbertestngframework.TestExecutor.loginToPortal(TestExecutor.java:343)
at stepdefs.BaseStepDefs.iLoggedInToPortalAndGoToTab(BaseStepDefs.java:54)
at ✽.I logged in to Portal and go to "NANO" tab(resources\Feature\NanoPortal.feature:7)
]]>
    </failure>
  </testcase> <!-- runScenario -->
  <testcase name="runScenario" time="45.043" classname="cucumber.api.testng.AbstractTestNGCucumberTests">
    <failure type="java.lang.NullPointerException">
      <![CDATA[java.lang.NullPointerException
at com.nielsen.cucumbertestngframework.TestExecutor.goToNanoTab(TestExecutor.java:437)
at com.nielsen.cucumbertestngframework.TestExecutor.loginToPortal(TestExecutor.java:343)
at stepdefs.BaseStepDefs.iLoggedInToPortalAndGoToTab(BaseStepDefs.java:54)
at ✽.I logged in to Portal and go to "NANO" tab(resources\Feature\NanoPortal.feature:7)
]]>
    </failure>
  </testcase> <!-- runScenario -->
  <testcase name="runScenario" time="45.345" classname="cucumber.api.testng.AbstractTestNGCucumberTests">
    <failure type="java.lang.NullPointerException">
      <![CDATA[java.lang.NullPointerException
at com.nielsen.cucumbertestngframework.TestExecutor.goToNanoTab(TestExecutor.java:437)
at com.nielsen.cucumbertestngframework.TestExecutor.loginToPortal(TestExecutor.java:343)
at stepdefs.BaseStepDefs.iLoggedInToPortalAndGoToTab(BaseStepDefs.java:54)
at ✽.I logged in to Portal and go to "NANO" tab(resources\Feature\NanoPortal.feature:7)
]]>
    </failure>
  </testcase> <!-- runScenario -->
  <testcase name="runScenario" time="45.07" classname="cucumber.api.testng.AbstractTestNGCucumberTests">
    <failure type="java.lang.NullPointerException">
      <![CDATA[java.lang.NullPointerException
at com.nielsen.cucumbertestngframework.TestExecutor.goToNanoTab(TestExecutor.java:437)
at com.nielsen.cucumbertestngframework.TestExecutor.loginToPortal(TestExecutor.java:343)
at stepdefs.BaseStepDefs.iLoggedInToPortalAndGoToTab(BaseStepDefs.java:54)
at ✽.I logged in to Portal and go to "NANO" tab(resources\Feature\NanoPortal.feature:7)
]]>
    </failure>
  </testcase> <!-- runScenario -->
  <testcase name="runScenario" time="45.336" classname="cucumber.api.testng.AbstractTestNGCucumberTests">
    <failure type="java.lang.NullPointerException">
      <![CDATA[java.lang.NullPointerException
at com.nielsen.cucumbertestngframework.TestExecutor.goToNanoTab(TestExecutor.java:437)
at com.nielsen.cucumbertestngframework.TestExecutor.loginToPortal(TestExecutor.java:343)
at stepdefs.BaseStepDefs.iLoggedInToPortalAndGoToTab(BaseStepDefs.java:54)
at ✽.I logged in to Portal and go to "NANO" tab(resources\Feature\NanoPortal.feature:7)
]]>
    </failure>
  </testcase> <!-- runScenario -->
  <testcase name="runScenario" time="45.326" classname="cucumber.api.testng.AbstractTestNGCucumberTests">
    <failure type="java.lang.NullPointerException">
      <![CDATA[java.lang.NullPointerException
at com.nielsen.cucumbertestngframework.TestExecutor.goToNanoTab(TestExecutor.java:437)
at com.nielsen.cucumbertestngframework.TestExecutor.loginToPortal(TestExecutor.java:343)
at stepdefs.BaseStepDefs.iLoggedInToPortalAndGoToTab(BaseStepDefs.java:54)
at ✽.I logged in to Portal and go to "NANO" tab(resources\Feature\NanoPortal.feature:7)
]]>
    </failure>
  </testcase> <!-- runScenario -->
  <testcase name="runScenario" time="45.351" classname="cucumber.api.testng.AbstractTestNGCucumberTests">
    <failure type="java.lang.NullPointerException">
      <![CDATA[java.lang.NullPointerException
at com.nielsen.cucumbertestngframework.TestExecutor.goToNanoTab(TestExecutor.java:437)
at com.nielsen.cucumbertestngframework.TestExecutor.loginToPortal(TestExecutor.java:343)
at stepdefs.BaseStepDefs.iLoggedInToPortalAndGoToTab(BaseStepDefs.java:54)
at ✽.I logged in to Portal and go to "NANO" tab(resources\Feature\NanoPortal.feature:7)
]]>
    </failure>
  </testcase> <!-- runScenario -->
  <testcase name="runScenario" time="45.05" classname="cucumber.api.testng.AbstractTestNGCucumberTests">
    <failure type="java.lang.NullPointerException">
      <![CDATA[java.lang.NullPointerException
at com.nielsen.cucumbertestngframework.TestExecutor.goToNanoTab(TestExecutor.java:437)
at com.nielsen.cucumbertestngframework.TestExecutor.loginToPortal(TestExecutor.java:343)
at stepdefs.BaseStepDefs.iLoggedInToPortalAndGoToTab(BaseStepDefs.java:54)
at ✽.I logged in to Portal and go to "NANO" tab(resources\Feature\NanoPortal.feature:7)
]]>
    </failure>
  </testcase> <!-- runScenario -->
  <testcase name="runScenario" time="46.423" classname="cucumber.api.testng.AbstractTestNGCucumberTests">
    <failure type="java.lang.NullPointerException">
      <![CDATA[java.lang.NullPointerException
at com.nielsen.cucumbertestngframework.TestExecutor.goToNanoTab(TestExecutor.java:437)
at com.nielsen.cucumbertestngframework.TestExecutor.loginToPortal(TestExecutor.java:343)
at stepdefs.BaseStepDefs.iLoggedInToPortalAndGoToTab(BaseStepDefs.java:54)
at ✽.I logged in to Portal and go to "NANO" tab(resources\Feature\NanoPortal.feature:7)
]]>
    </failure>
  </testcase> <!-- runScenario -->
  <testcase name="runScenario" time="46.432" classname="cucumber.api.testng.AbstractTestNGCucumberTests">
    <failure type="java.lang.NullPointerException">
      <![CDATA[java.lang.NullPointerException
at com.nielsen.cucumbertestngframework.TestExecutor.goToNanoTab(TestExecutor.java:437)
at com.nielsen.cucumbertestngframework.TestExecutor.loginToPortal(TestExecutor.java:343)
at stepdefs.BaseStepDefs.iLoggedInToPortalAndGoToTab(BaseStepDefs.java:54)
at ✽.I logged in to Portal and go to "NANO" tab(resources\Feature\NanoPortal.feature:7)
]]>
    </failure>
  </testcase> <!-- runScenario -->
  <testcase name="runScenario" time="45.369" classname="cucumber.api.testng.AbstractTestNGCucumberTests">
    <failure type="java.lang.NullPointerException">
      <![CDATA[java.lang.NullPointerException
at com.nielsen.cucumbertestngframework.TestExecutor.goToNanoTab(TestExecutor.java:437)
at com.nielsen.cucumbertestngframework.TestExecutor.loginToPortal(TestExecutor.java:343)
at stepdefs.BaseStepDefs.iLoggedInToPortalAndGoToTab(BaseStepDefs.java:54)
at ✽.I logged in to Portal and go to "NANO" tab(resources\Feature\NanoPortal.feature:7)
]]>
    </failure>
  </testcase> <!-- runScenario -->
  <testcase name="setUpClass_test" time="0.0" classname="runner.TestRunner"/>
</testsuite> <!-- SSRReports -->
